#
# A fatal error has been detected by the Java Runtime Environment:
#
#  Internal Error (safepoint.cpp:712), pid=3446, tid=0x0000000000005b0f
#  fatal error: Illegal threadstate encountered: 4
#
# JRE version: Java(TM) SE Runtime Environment (8.0_111-b14) (build 1.8.0_111-b14)
# Java VM: Java HotSpot(TM) 64-Bit Server VM (25.111-b14 mixed mode bsd-amd64 compressed oops)
# Failed to write core dump. Core dumps have been disabled. To enable core dumping, try "ulimit -c unlimited" before starting Java again
#
# If you would like to submit a bug report, please visit:
#   http://bugreport.java.com/bugreport/crash.jsp
# The crash happened outside the Java Virtual Machine in native code.
# See problematic frame for where to report the bug.
#

---------------  T H R E A D  ---------------

Current thread (0x00007ff0aa999800):  JavaThread "Thread-1" daemon [_thread_in_native, id=23311, stack(0x000070000635e000,0x000070000645e000)]

Stack: [0x000070000635e000,0x000070000645e000],  sp=0x000070000645cc80,  free space=1019k
Native frames: (J=compiled Java code, j=interpreted, Vv=VM code, C=native code)
V  [libjvm.dylib+0x5afbde]
V  [libjvm.dylib+0x1e74a3]
V  [libjvm.dylib+0x4e05b5]
V  [libjvm.dylib+0x56919e]
V  [libjvm.dylib+0x169b4e]
V  [libjvm.dylib+0x313641]
C  [libglass.dylib+0x463f]  -[GlassRunnable dealloc]+0x2f
C  [libobjc.A.dylib+0x260fe]  _ZN11objc_object17sidetable_releaseEbb+0xe8
C  [Foundation+0x80eab]  -[_NSThreadPerformInfo dealloc]+0x2a
C  [libobjc.A.dylib+0x260fe]  _ZN11objc_object17sidetable_releaseEbb+0xe8
C  [Foundation+0x4dcd7]  -[NSObject(NSThreadPerformAdditions) performSelectorOnMainThread:withObject:waitUntilDone:]+0x7c
j  com.sun.glass.ui.mac.MacApplication._submitForLaterInvocation(Ljava/lang/Runnable;)V+0
j  com.sun.glass.ui.mac.MacApplication.submitForLaterInvocation(Ljava/lang/Runnable;)V+2
j  com.sun.glass.ui.InvokeLaterDispatcher.run()V+82
v  ~StubRoutines::call_stub
V  [libjvm.dylib+0x2ecf8a]
V  [libjvm.dylib+0x2ed718]
V  [libjvm.dylib+0x2ed8c4]
V  [libjvm.dylib+0x348039]
V  [libjvm.dylib+0x56a27b]
V  [libjvm.dylib+0x56b968]
V  [libjvm.dylib+0x489b0a]
C  [libsystem_pthread.dylib+0x64f4]  _pthread_start+0x7d
C  [libsystem_pthread.dylib+0x200f]  thread_start+0xf
C  0x0000000000000000

Java frames: (J=compiled Java code, j=interpreted, Vv=VM code)
j  com.sun.glass.ui.mac.MacApplication._submitForLaterInvocation(Ljava/lang/Runnable;)V+0
j  com.sun.glass.ui.mac.MacApplication.submitForLaterInvocation(Ljava/lang/Runnable;)V+2
j  com.sun.glass.ui.InvokeLaterDispatcher.run()V+82
v  ~StubRoutines::call_stub

---------------  P R O C E S S  ---------------

Java Threads: ( => current thread )
  0x00007ff0ab735000 JavaThread "Java2D Disposer" daemon [_thread_in_native, id=71427, stack(0x0000700006d82000,0x0000700006e82000)]
  0x00007ff0ab6e7800 JavaThread "Java2D Queue Flusher" daemon [_thread_blocked, id=72711, stack(0x0000700006c7f000,0x0000700006d7f000)]
  0x00007ff0ab6d5000 JavaThread "Keep-Alive-Timer" daemon [_thread_blocked, id=56583, stack(0x0000700006a79000,0x0000700006b79000)]
  0x00007ff0a94a6800 JavaThread "process reaper" daemon [_thread_blocked, id=49623, stack(0x0000700005b43000,0x0000700005b6b000)]
  0x00007ff0ae358800 JavaThread "Thread-5" daemon [_thread_blocked, id=11963, stack(0x0000700006976000,0x0000700006a76000)]
  0x00007ff0aaaa8800 JavaThread "Prism Font Disposer" daemon [_thread_blocked, id=79235, stack(0x0000700006873000,0x0000700006973000)]
  0x00007ff0ab210800 JavaThread "Abandoned connection cleanup thread" daemon [_thread_blocked, id=81155, stack(0x0000700006770000,0x0000700006870000)]
  0x00007ff0aa9c9000 JavaThread "JavaFX-Launcher" [_thread_blocked, id=48147, stack(0x00007000065ea000,0x00007000066ea000)]
  0x00007ff0aa9c2000 JavaThread "Thread-3" daemon [_thread_in_native, id=33807, stack(0x0000700006461000,0x00007000064e1000)]
  0x00007ff0a98c8800 JavaThread "JavaFX Application Thread" [_thread_in_native, id=259, stack(0x00007ff7b4cde000,0x00007ff7b54de000)]
=>0x00007ff0aa999800 JavaThread "Thread-1" daemon [_thread_in_native, id=23311, stack(0x000070000635e000,0x000070000645e000)]
  0x00007ff0a9143000 JavaThread "QuantumRenderer-0" daemon [_thread_blocked, id=14595, stack(0x000070000625b000,0x000070000635b000)]
  0x00007ff0ab030000 JavaThread "Service Thread" daemon [_thread_blocked, id=14339, stack(0x0000700006055000,0x0000700006155000)]
  0x00007ff0aa832000 JavaThread "C1 CompilerThread2" daemon [_thread_blocked, id=13827, stack(0x0000700005f52000,0x0000700006052000)]
  0x00007ff0aa831800 JavaThread "C2 CompilerThread1" daemon [_thread_blocked, id=18691, stack(0x0000700005e4f000,0x0000700005f4f000)]
  0x00007ff0aa830000 JavaThread "C2 CompilerThread0" daemon [_thread_blocked, id=19203, stack(0x0000700005d4c000,0x0000700005e4c000)]
  0x00007ff0aa82f000 JavaThread "Signal Dispatcher" daemon [_thread_blocked, id=19459, stack(0x0000700005c49000,0x0000700005d49000)]
  0x00007ff0aa81f000 JavaThread "Finalizer" daemon [_thread_blocked, id=20739, stack(0x0000700005a40000,0x0000700005b40000)]
  0x00007ff0a9813000 JavaThread "Reference Handler" daemon [_thread_blocked, id=21251, stack(0x000070000593d000,0x0000700005a3d000)]
  0x00007ff0ab008800 JavaThread "main" [_thread_blocked, id=3075, stack(0x000070000532b000,0x000070000542b000)]

Other Threads:
  0x00007ff0aa81a800 VMThread [stack: 0x000070000583a000,0x000070000593a000] [id=11011]
  0x00007ff0a985c800 WatcherThread [stack: 0x0000700006158000,0x0000700006258000] [id=17923]

VM state:not at safepoint (normal execution)

VM Mutex/Monitor currently owned by a thread: None

Heap:
 PSYoungGen      total 38400K, used 1102K [0x0000000795580000, 0x0000000798680000, 0x00000007c0000000)
  eden space 33280K, 3% used [0x0000000795580000,0x0000000795693b20,0x0000000797600000)
  from space 5120K, 0% used [0x0000000797600000,0x0000000797600000,0x0000000797b00000)
  to   space 5120K, 0% used [0x0000000798180000,0x0000000798180000,0x0000000798680000)
 ParOldGen       total 159232K, used 22073K [0x0000000740000000, 0x0000000749b80000, 0x0000000795580000)
  object space 159232K, 13% used [0x0000000740000000,0x000000074158e670,0x0000000749b80000)
 Metaspace       used 26029K, capacity 27150K, committed 27264K, reserved 1073152K
  class space    used 3468K, capacity 3702K, committed 3712K, reserved 1048576K

Card table byte_map: [0x000000010afdf000,0x000000010b3e0000] byte_map_base: 0x00000001075df000

Marking Bits: (ParMarkBitMap*) 0x000000010c3b4d20
 Begin Bits: [0x000000010ca66000, 0x000000010ea66000)
 End Bits:   [0x000000010ea66000, 0x0000000110a66000)

Polling page: 0x000000010ab5a000

CodeCache: size=245760Kb used=8960Kb max_used=9127Kb free=236799Kb
 bounds [0x0000000116bd4000, 0x00000001174d4000, 0x0000000125bd4000]
 total_blobs=3880 nmethods=3004 adapters=787
 compilation: enabled

Compilation events (10 events):
Event: 29.420 Thread 0x00007ff0aa832000 3303       3       com.sun.javafx.sg.prism.NGRegion::getNormalizedFillRadii (43 bytes)
Event: 29.420 Thread 0x00007ff0aa832000 nmethod 3303 0x0000000116d88d90 code [0x0000000116d88f40, 0x0000000116d89598]
Event: 29.433 Thread 0x00007ff0aa832000 3304       3       javafx.scene.input.PickResult::<init> (47 bytes)
Event: 29.433 Thread 0x00007ff0aa832000 nmethod 3304 0x0000000116d88910 code [0x0000000116d88a80, 0x0000000116d88cb0]
Event: 29.513 Thread 0x00007ff0aa832000 3305       3       javafx.scene.Node::preprocessMouseEvent (114 bytes)
Event: 29.516 Thread 0x00007ff0aa832000 nmethod 3305 0x0000000116efcd50 code [0x0000000116efd0c0, 0x0000000116eff248]
Event: 29.670 Thread 0x00007ff0aa830000 3306       4       javafx.scene.Node::getGeomBounds (141 bytes)
Event: 29.675 Thread 0x00007ff0aa832000 3307       3       javafx.scene.ParallelCamera::computePickRay (24 bytes)
Event: 29.680 Thread 0x00007ff0aa832000 nmethod 3307 0x0000000116ec2450 code [0x0000000116ec26e0, 0x0000000116ec3aa8]
Event: 29.681 Thread 0x00007ff0aa832000 3308       3       com.sun.javafx.geom.PickRay::computeParallelPickRay (66 bytes)

GC Heap History (10 events):
Event: 1.843 GC heap before
{Heap before GC invocations=1 (full 0):
 PSYoungGen      total 38400K, used 33280K [0x0000000795580000, 0x0000000798000000, 0x00000007c0000000)
  eden space 33280K, 100% used [0x0000000795580000,0x0000000797600000,0x0000000797600000)
  from space 5120K, 0% used [0x0000000797b00000,0x0000000797b00000,0x0000000798000000)
  to   space 5120K, 0% used [0x0000000797600000,0x0000000797600000,0x0000000797b00000)
 ParOldGen       total 87552K, used 0K [0x0000000740000000, 0x0000000745580000, 0x0000000795580000)
  object space 87552K, 0% used [0x0000000740000000,0x0000000740000000,0x0000000745580000)
 Metaspace       used 16762K, capacity 17454K, committed 17664K, reserved 1064960K
  class space    used 2283K, capacity 2472K, committed 2560K, reserved 1048576K
Event: 1.851 GC heap after
Heap after GC invocations=1 (full 0):
 PSYoungGen      total 38400K, used 5109K [0x0000000795580000, 0x0000000798000000, 0x00000007c0000000)
  eden space 33280K, 0% used [0x0000000795580000,0x0000000795580000,0x0000000797600000)
  from space 5120K, 99% used [0x0000000797600000,0x0000000797afd588,0x0000000797b00000)
  to   space 5120K, 0% used [0x0000000797b00000,0x0000000797b00000,0x0000000798000000)
 ParOldGen       total 87552K, used 552K [0x0000000740000000, 0x0000000745580000, 0x0000000795580000)
  object space 87552K, 0% used [0x0000000740000000,0x000000074008a248,0x0000000745580000)
 Metaspace       used 16762K, capacity 17454K, committed 17664K, reserved 1064960K
  class space    used 2283K, capacity 2472K, committed 2560K, reserved 1048576K
}
Event: 6.968 GC heap before
{Heap before GC invocations=2 (full 0):
 PSYoungGen      total 38400K, used 25538K [0x0000000795580000, 0x0000000798000000, 0x00000007c0000000)
  eden space 33280K, 61% used [0x0000000795580000,0x0000000796973598,0x0000000797600000)
  from space 5120K, 99% used [0x0000000797600000,0x0000000797afd588,0x0000000797b00000)
  to   space 5120K, 0% used [0x0000000797b00000,0x0000000797b00000,0x0000000798000000)
 ParOldGen       total 87552K, used 552K [0x0000000740000000, 0x0000000745580000, 0x0000000795580000)
  object space 87552K, 0% used [0x0000000740000000,0x000000074008a248,0x0000000745580000)
 Metaspace       used 20130K, capacity 21204K, committed 21248K, reserved 1067008K
  class space    used 2792K, capacity 3041K, committed 3072K, reserved 1048576K
Event: 6.991 GC heap after
Heap after GC invocations=2 (full 0):
 PSYoungGen      total 38400K, used 5106K [0x0000000795580000, 0x0000000798000000, 0x00000007c0000000)
  eden space 33280K, 0% used [0x0000000795580000,0x0000000795580000,0x0000000797600000)
  from space 5120K, 99% used [0x0000000797b00000,0x0000000797ffcab0,0x0000000798000000)
  to   space 5120K, 0% used [0x0000000797600000,0x0000000797600000,0x0000000797b00000)
 ParOldGen       total 87552K, used 8637K [0x0000000740000000, 0x0000000745580000, 0x0000000795580000)
  object space 87552K, 9% used [0x0000000740000000,0x000000074086f718,0x0000000745580000)
 Metaspace       used 20130K, capacity 21204K, committed 21248K, reserved 1067008K
  class space    used 2792K, capacity 3041K, committed 3072K, reserved 1048576K
}
Event: 6.992 GC heap before
{Heap before GC invocations=3 (full 1):
 PSYoungGen      total 38400K, used 5106K [0x0000000795580000, 0x0000000798000000, 0x00000007c0000000)
  eden space 33280K, 0% used [0x0000000795580000,0x0000000795580000,0x0000000797600000)
  from space 5120K, 99% used [0x0000000797b00000,0x0000000797ffcab0,0x0000000798000000)
  to   space 5120K, 0% used [0x0000000797600000,0x0000000797600000,0x0000000797b00000)
 ParOldGen       total 87552K, used 8637K [0x0000000740000000, 0x0000000745580000, 0x0000000795580000)
  object space 87552K, 9% used [0x0000000740000000,0x000000074086f718,0x0000000745580000)
 Metaspace       used 20130K, capacity 21204K, committed 21248K, reserved 1067008K
  class space    used 2792K, capacity 3041K, committed 3072K, reserved 1048576K
Event: 7.085 GC heap after
Heap after GC invocations=3 (full 1):
 PSYoungGen      total 38400K, used 0K [0x0000000795580000, 0x0000000798000000, 0x00000007c0000000)
  eden space 33280K, 0% used [0x0000000795580000,0x0000000795580000,0x0000000797600000)
  from space 5120K, 0% used [0x0000000797b00000,0x0000000797b00000,0x0000000798000000)
  to   space 5120K, 0% used [0x0000000797600000,0x0000000797600000,0x0000000797b00000)
 ParOldGen       total 79872K, used 10972K [0x0000000740000000, 0x0000000744e00000, 0x0000000795580000)
  object space 79872K, 13% used [0x0000000740000000,0x0000000740ab7318,0x0000000744e00000)
 Metaspace       used 20130K, capacity 21204K, committed 21248K, reserved 1067008K
  class space    used 2792K, capacity 3041K, committed 3072K, reserved 1048576K
}
Event: 29.600 GC heap before
{Heap before GC invocations=4 (full 1):
 PSYoungGen      total 38400K, used 33280K [0x0000000795580000, 0x0000000798000000, 0x00000007c0000000)
  eden space 33280K, 100% used [0x0000000795580000,0x0000000797600000,0x0000000797600000)
  from space 5120K, 0% used [0x0000000797b00000,0x0000000797b00000,0x0000000798000000)
  to   space 5120K, 0% used [0x0000000797600000,0x0000000797600000,0x0000000797b00000)
 ParOldGen       total 79872K, used 10972K [0x0000000740000000, 0x0000000744e00000, 0x0000000795580000)
  object space 79872K, 13% used [0x0000000740000000,0x0000000740ab7318,0x0000000744e00000)
 Metaspace       used 26008K, capacity 27150K, committed 27264K, reserved 1073152K
  class space    used 3468K, capacity 3702K, committed 3712K, reserved 1048576K
Event: 29.628 GC heap after
Heap after GC invocations=4 (full 1):
 PSYoungGen      total 38400K, used 4208K [0x0000000795580000, 0x0000000798680000, 0x00000007c0000000)
  eden space 33280K, 0% used [0x0000000795580000,0x0000000795580000,0x0000000797600000)
  from space 5120K, 82% used [0x0000000797600000,0x0000000797a1c010,0x0000000797b00000)
  to   space 5120K, 0% used [0x0000000798180000,0x0000000798180000,0x0000000798680000)
 ParOldGen       total 79872K, used 43748K [0x0000000740000000, 0x0000000744e00000, 0x0000000795580000)
  object space 79872K, 54% used [0x0000000740000000,0x0000000742ab9358,0x0000000744e00000)
 Metaspace       used 26008K, capacity 27150K, committed 27264K, reserved 1073152K
  class space    used 3468K, capacity 3702K, committed 3712K, reserved 1048576K
}
Event: 29.628 GC heap before
{Heap before GC invocations=5 (full 2):
 PSYoungGen      total 38400K, used 4208K [0x0000000795580000, 0x0000000798680000, 0x00000007c0000000)
  eden space 33280K, 0% used [0x0000000795580000,0x0000000795580000,0x0000000797600000)
  from space 5120K, 82% used [0x0000000797600000,0x0000000797a1c010,0x0000000797b00000)
  to   space 5120K, 0% used [0x0000000798180000,0x0000000798180000,0x0000000798680000)
 ParOldGen       total 79872K, used 43748K [0x0000000740000000, 0x0000000744e00000, 0x0000000795580000)
  object space 79872K, 54% used [0x0000000740000000,0x0000000742ab9358,0x0000000744e00000)
 Metaspace       used 26008K, capacity 27150K, committed 27264K, reserved 1073152K
  class space    used 3468K, capacity 3702K, committed 3712K, reserved 1048576K
Event: 29.667 GC heap after
Heap after GC invocations=5 (full 2):
 PSYoungGen      total 38400K, used 0K [0x0000000795580000, 0x0000000798680000, 0x00000007c0000000)
  eden space 33280K, 0% used [0x0000000795580000,0x0000000795580000,0x0000000797600000)
  from space 5120K, 0% used [0x0000000797600000,0x0000000797600000,0x0000000797b00000)
  to   space 5120K, 0% used [0x0000000798180000,0x0000000798180000,0x0000000798680000)
 ParOldGen       total 159232K, used 22073K [0x0000000740000000, 0x0000000749b80000, 0x0000000795580000)
  object space 159232K, 13% used [0x0000000740000000,0x000000074158e670,0x0000000749b80000)
 Metaspace       used 26008K, capacity 27150K, committed 27264K, reserved 1073152K
  class space    used 3468K, capacity 3702K, committed 3712K, reserved 1048576K
}

Deoptimization events (10 events):
Event: 11.631 Thread 0x00007ff0ae358800 Uncommon trap: reason=unstable_if action=reinterpret pc=0x0000000117328364 method=java.lang.ThreadLocal.get()Ljava/lang/Object; @ 11
Event: 11.673 Thread 0x00007ff0ae358800 Uncommon trap: reason=class_check action=maybe_recompile pc=0x0000000116eca088 method=java.util.HashMap.putVal(ILjava/lang/Object;Ljava/lang/Object;ZZ)Ljava/lang/Object; @ 253
Event: 11.673 Thread 0x00007ff0ae358800 Uncommon trap: reason=class_check action=maybe_recompile pc=0x0000000116eca088 method=java.util.HashMap.putVal(ILjava/lang/Object;Ljava/lang/Object;ZZ)Ljava/lang/Object; @ 253
Event: 11.673 Thread 0x00007ff0ae358800 Uncommon trap: reason=class_check action=maybe_recompile pc=0x0000000116eca088 method=java.util.HashMap.putVal(ILjava/lang/Object;Ljava/lang/Object;ZZ)Ljava/lang/Object; @ 253
Event: 11.673 Thread 0x00007ff0ae358800 Uncommon trap: reason=class_check action=maybe_recompile pc=0x0000000116eca088 method=java.util.HashMap.putVal(ILjava/lang/Object;Ljava/lang/Object;ZZ)Ljava/lang/Object; @ 253
Event: 11.989 Thread 0x00007ff0ae358800 Uncommon trap: reason=unstable_if action=reinterpret pc=0x0000000116fba37c method=java.lang.String.regionMatches(ZILjava/lang/String;II)Z @ 123
Event: 12.048 Thread 0x00007ff0ae358800 Uncommon trap: reason=bimorphic action=maybe_recompile pc=0x0000000116f45498 method=java.io.DataInputStream.readShort()S @ 4
Event: 12.048 Thread 0x00007ff0ae358800 Uncommon trap: reason=bimorphic action=maybe_recompile pc=0x0000000116f45498 method=java.io.DataInputStream.readShort()S @ 4
Event: 12.048 Thread 0x00007ff0ae358800 Uncommon trap: reason=bimorphic action=maybe_recompile pc=0x0000000116f45498 method=java.io.DataInputStream.readShort()S @ 4
Event: 12.048 Thread 0x00007ff0ae358800 Uncommon trap: reason=bimorphic action=maybe_recompile pc=0x0000000116f45498 method=java.io.DataInputStream.readShort()S @ 4

Internal exceptions (10 events):
Event: 1.092 Thread 0x00007ff0a98c8800 Exception <a 'java/lang/ArrayIndexOutOfBoundsException'> (0x0000000796906fc8) thrown at [/Users/java_re/workspace/8-2-build-macosx-x86_64/jdk8u111/7883/hotspot/src/share/vm/runtime/sharedRuntime.cpp, line 605]
Event: 1.100 Thread 0x00007ff0a98c8800 Exception <a 'java/lang/ArrayIndexOutOfBoundsException'> (0x00000007969170c8) thrown at [/Users/java_re/workspace/8-2-build-macosx-x86_64/jdk8u111/7883/hotspot/src/share/vm/runtime/sharedRuntime.cpp, line 605]
Event: 1.161 Thread 0x00007ff0a98c8800 Implicit null exception at 0x0000000116e571f5 to 0x0000000116e575b5
Event: 1.574 Thread 0x00007ff0a98c8800 Implicit null exception at 0x0000000116e7aa35 to 0x0000000116e7ac6d
Event: 1.574 Thread 0x00007ff0a98c8800 Implicit null exception at 0x0000000116ee6558 to 0x0000000116ee65e6
Event: 5.420 Thread 0x00007ff0a98c8800 Implicit null exception at 0x000000011714fd94 to 0x0000000117150485
Event: 11.621 Thread 0x00007ff0a98c8800 Exception <a 'java/io/FileNotFoundException'> (0x0000000795f72960) thrown at [/Users/java_re/workspace/8-2-build-macosx-x86_64/jdk8u111/7883/hotspot/src/share/vm/prims/jni.cpp, line 709]
Event: 11.621 Thread 0x00007ff0a98c8800 Exception <a 'java/io/FileNotFoundException'> (0x0000000795f738d8) thrown at [/Users/java_re/workspace/8-2-build-macosx-x86_64/jdk8u111/7883/hotspot/src/share/vm/prims/jni.cpp, line 709]
Event: 11.631 Thread 0x00007ff0ae358800 Implicit null exception at 0x0000000117328288 to 0x0000000117328351
Event: 12.245 Thread 0x00007ff0ab6e3000 Exception <a 'java/io/FileNotFoundException'> (0x00000007961addf8) thrown at [/Users/java_re/workspace/8-2-build-macosx-x86_64/jdk8u111/7883/hotspot/src/share/vm/prims/jni.cpp, line 709]

Events (10 events):
Event: 29.680 Thread 0x00007ff0aa832000 flushing nmethod 0x0000000116cf0e90
Event: 29.680 Thread 0x00007ff0aa832000 flushing nmethod 0x0000000116cfa910
Event: 29.681 Thread 0x00007ff0aa832000 flushing nmethod 0x0000000116d2de50
Event: 29.681 Executing VM operation: RevokeBias
Event: 29.681 Executing VM operation: RevokeBias done
Event: 29.681 Executing VM operation: RevokeBias
Event: 29.682 Executing VM operation: RevokeBias done
Event: 29.682 Executing VM operation: RevokeBias
Event: 29.683 Executing VM operation: RevokeBias done
Event: 29.684 Executing VM operation: RevokeBias


Dynamic libraries:
0x000000000c70c000 	/System/Library/Frameworks/Cocoa.framework/Versions/A/Cocoa
0x000000000c70c000 	/System/Library/Frameworks/AppKit.framework/Versions/C/AppKit
0x000000000c70c000 	/System/Library/Frameworks/CoreData.framework/Versions/A/CoreData
0x000000000c70c000 	/System/Library/Frameworks/Foundation.framework/Versions/C/Foundation
0x000000000c70c000 	/usr/lib/libSystem.B.dylib
0x000000000c70c000 	/System/Library/PrivateFrameworks/UIFoundation.framework/Versions/A/UIFoundation
0x000000000c70c000 	/System/Library/PrivateFrameworks/RemoteViewServices.framework/Versions/A/RemoteViewServices
0x000000000c70c000 	/System/Library/PrivateFrameworks/XCTTargetBootstrap.framework/Versions/A/XCTTargetBootstrap
0x000000000c70c000 	/System/Library/PrivateFrameworks/InternationalSupport.framework/Versions/A/InternationalSupport
0x000000000c70c000 	/System/Library/PrivateFrameworks/UserActivity.framework/Versions/A/UserActivity
0x000000000c70c000 	/usr/lib/libspindump.dylib
0x000000000c70c000 	/System/Library/Frameworks/UniformTypeIdentifiers.framework/Versions/A/UniformTypeIdentifiers
0x000000000c70c000 	/usr/lib/libapp_launch_measurement.dylib
0x000000000c70c000 	/System/Library/PrivateFrameworks/CoreAnalytics.framework/Versions/A/CoreAnalytics
0x000000000c70c000 	/System/Library/PrivateFrameworks/CoreAutoLayout.framework/Versions/A/CoreAutoLayout
0x000000000c70c000 	/System/Library/Frameworks/Metal.framework/Versions/A/Metal
0x000000000c70c000 	/usr/lib/liblangid.dylib
0x000000000c70c000 	/System/Library/PrivateFrameworks/CoreSVG.framework/Versions/A/CoreSVG
0x000000000c70c000 	/System/Library/PrivateFrameworks/SkyLight.framework/Versions/A/SkyLight
0x000000000c70c000 	/System/Library/Frameworks/CoreGraphics.framework/Versions/A/CoreGraphics
0x000000000c70c000 	/System/Library/Frameworks/Accelerate.framework/Versions/A/Accelerate
0x000000000c70c000 	/System/Library/PrivateFrameworks/IconServices.framework/Versions/A/IconServices
0x000000000c70c000 	/System/Library/Frameworks/IOSurface.framework/Versions/A/IOSurface
0x000000000c70c000 	/usr/lib/libDiagnosticMessagesClient.dylib
0x000000000c70c000 	/usr/lib/libz.1.dylib
0x000000000c70c000 	/System/Library/Frameworks/ApplicationServices.framework/Versions/A/ApplicationServices
0x000000000c70c000 	/System/Library/PrivateFrameworks/DFRFoundation.framework/Versions/A/DFRFoundation
0x000000000c70c000 	/usr/lib/libicucore.A.dylib
0x000000000c70c000 	/System/Library/Frameworks/AudioToolbox.framework/Versions/A/AudioToolbox
0x000000000c70c000 	/System/Library/PrivateFrameworks/DataDetectorsCore.framework/Versions/A/DataDetectorsCore
0x000000000c70c000 	/System/Library/PrivateFrameworks/TextInput.framework/Versions/A/TextInput
0x000000000c70c000 	/usr/lib/libMobileGestalt.dylib
0x000000000c70c000 	/System/Library/Frameworks/Carbon.framework/Versions/A/Frameworks/HIToolbox.framework/Versions/A/HIToolbox
0x000000000c70c000 	/System/Library/Frameworks/QuartzCore.framework/Versions/A/QuartzCore
0x000000000c70c000 	/System/Library/Frameworks/Security.framework/Versions/A/Security
0x000000000c70c000 	/System/Library/Frameworks/Carbon.framework/Versions/A/Frameworks/SpeechRecognition.framework/Versions/A/SpeechRecognition
0x000000000c70c000 	/System/Library/PrivateFrameworks/CoreUI.framework/Versions/A/CoreUI
0x000000000c70c000 	/System/Library/Frameworks/CoreAudio.framework/Versions/A/CoreAudio
0x000000000c70c000 	/System/Library/Frameworks/DiskArbitration.framework/Versions/A/DiskArbitration
0x000000000c70c000 	/System/Library/PrivateFrameworks/MultitouchSupport.framework/Versions/A/MultitouchSupport
0x000000000c70c000 	/usr/lib/libenergytrace.dylib
0x000000000c70c000 	/System/Library/Frameworks/IOKit.framework/Versions/A/IOKit
0x000000000c70c000 	/System/Library/Frameworks/CoreServices.framework/Versions/A/CoreServices
0x000000000c70c000 	/System/Library/PrivateFrameworks/PerformanceAnalysis.framework/Versions/A/PerformanceAnalysis
0x000000000c70c000 	/System/Library/Frameworks/OpenGL.framework/Versions/A/OpenGL
0x000000000c70c000 	/System/Library/PrivateFrameworks/MobileKeyBag.framework/Versions/A/MobileKeyBag
0x000000000c70c000 	/usr/lib/libobjc.A.dylib
0x000000000c70c000 	/System/Library/Frameworks/ColorSync.framework/Versions/A/ColorSync
0x000000000c70c000 	/System/Library/Frameworks/CoreFoundation.framework/Versions/A/CoreFoundation
0x000000000c70c000 	/System/Library/Frameworks/CoreImage.framework/Versions/A/CoreImage
0x000000000c70c000 	/System/Library/Frameworks/CoreText.framework/Versions/A/CoreText
0x000000000c70c000 	/System/Library/Frameworks/ImageIO.framework/Versions/A/ImageIO
0x000000000c70c000 	/System/Library/PrivateFrameworks/SoftLinking.framework/Versions/A/SoftLinking
0x000000000c70c000 	/usr/lib/libxml2.2.dylib
0x000000000c70c000 	/usr/lib/libc++.1.dylib
0x000000000c70c000 	/usr/lib/libcompression.dylib
0x000000000c70c000 	/System/Library/PrivateFrameworks/TextureIO.framework/Versions/A/TextureIO
0x000000000c70c000 	/usr/lib/libate.dylib
0x000000000c70c000 	/usr/lib/system/libcache.dylib
0x000000000c70c000 	/usr/lib/system/libcommonCrypto.dylib
0x000000000c70c000 	/usr/lib/system/libcompiler_rt.dylib
0x000000000c70c000 	/usr/lib/system/libcopyfile.dylib
0x000000000c70c000 	/usr/lib/system/libcorecrypto.dylib
0x000000000c70c000 	/usr/lib/system/libdispatch.dylib
0x000000000c70c000 	/usr/lib/system/libdyld.dylib
0x000000000c70c000 	/usr/lib/system/libkeymgr.dylib
0x000000000c70c000 	/usr/lib/system/libmacho.dylib
0x000000000c70c000 	/usr/lib/system/libquarantine.dylib
0x000000000c70c000 	/usr/lib/system/libremovefile.dylib
0x000000000c70c000 	/usr/lib/system/libsystem_asl.dylib
0x000000000c70c000 	/usr/lib/system/libsystem_blocks.dylib
0x000000000c70c000 	/usr/lib/system/libsystem_c.dylib
0x000000000c70c000 	/usr/lib/system/libsystem_collections.dylib
0x000000000c70c000 	/usr/lib/system/libsystem_configuration.dylib
0x000000000c70c000 	/usr/lib/system/libsystem_containermanager.dylib
0x000000000c70c000 	/usr/lib/system/libsystem_coreservices.dylib
0x000000000c70c000 	/usr/lib/system/libsystem_darwin.dylib
0x000000000c70c000 	/usr/lib/system/libsystem_dnssd.dylib
0x000000000c70c000 	/usr/lib/system/libsystem_featureflags.dylib
0x000000000c70c000 	/usr/lib/system/libsystem_info.dylib
0x000000000c70c000 	/usr/lib/system/libsystem_m.dylib
0x000000000c70c000 	/usr/lib/system/libsystem_malloc.dylib
0x000000000c70c000 	/usr/lib/system/libsystem_networkextension.dylib
0x000000000c70c000 	/usr/lib/system/libsystem_notify.dylib
0x000000000c70c000 	/usr/lib/system/libsystem_product_info_filter.dylib
0x000000000c70c000 	/usr/lib/system/libsystem_sandbox.dylib
0x000000000c70c000 	/usr/lib/system/libsystem_secinit.dylib
0x000000000c70c000 	/usr/lib/system/libsystem_kernel.dylib
0x000000000c70c000 	/usr/lib/system/libsystem_platform.dylib
0x000000000c70c000 	/usr/lib/system/libsystem_pthread.dylib
0x000000000c70c000 	/usr/lib/system/libsystem_symptoms.dylib
0x000000000c70c000 	/usr/lib/system/libsystem_trace.dylib
0x000000000c70c000 	/usr/lib/system/libunwind.dylib
0x000000000c70c000 	/usr/lib/system/libxpc.dylib
0x000000000c70c000 	/usr/lib/libc++abi.dylib
0x000000000c70c000 	/usr/lib/liboah.dylib
0x000000000c70c000 	/usr/lib/liblzma.5.dylib
0x000000000c70c000 	/System/Library/Frameworks/SystemConfiguration.framework/Versions/A/SystemConfiguration
0x000000000c70c000 	/usr/lib/libfakelink.dylib
0x000000000c70c000 	/System/Library/Frameworks/CFNetwork.framework/Versions/A/CFNetwork
0x000000000c70c000 	/usr/lib/libarchive.2.dylib
0x000000000c70c000 	/System/Library/PrivateFrameworks/AppleSystemInfo.framework/Versions/A/AppleSystemInfo
0x000000000c70c000 	/usr/lib/libbsm.0.dylib
0x000000000c70c000 	/usr/lib/libnetwork.dylib
0x000000000c70c000 	/usr/lib/system/libkxld.dylib
0x000000000c70c000 	/System/Library/PrivateFrameworks/IOMobileFramebuffer.framework/Versions/A/IOMobileFramebuffer
0x000000000c70c000 	/usr/lib/libCoreEntitlements.dylib
0x000000000c70c000 	/System/Library/PrivateFrameworks/AppleFSCompression.framework/Versions/A/AppleFSCompression
0x000000000c70c000 	/usr/lib/libcoretls.dylib
0x000000000c70c000 	/usr/lib/libcoretls_cfhelpers.dylib
0x000000000c70c000 	/usr/lib/libpam.2.dylib
0x000000000c70c000 	/usr/lib/libsqlite3.dylib
0x000000000c70c000 	/usr/lib/libxar.1.dylib
0x000000000c70c000 	/usr/lib/libbz2.1.0.dylib
0x000000000c70c000 	/usr/lib/libpcap.A.dylib
0x000000000c70c000 	/usr/lib/libdns_services.dylib
0x000000000c70c000 	/usr/lib/libapple_nghttp2.dylib
0x000000000c70c000 	/usr/lib/libiconv.2.dylib
0x000000000c70c000 	/usr/lib/libcharset.1.dylib
0x000000000c70c000 	/System/Library/Frameworks/CoreServices.framework/Versions/A/Frameworks/FSEvents.framework/Versions/A/FSEvents
0x000000000c70c000 	/System/Library/Frameworks/CoreServices.framework/Versions/A/Frameworks/CarbonCore.framework/Versions/A/CarbonCore
0x000000000c70c000 	/System/Library/Frameworks/CoreServices.framework/Versions/A/Frameworks/Metadata.framework/Versions/A/Metadata
0x000000000c70c000 	/System/Library/Frameworks/CoreServices.framework/Versions/A/Frameworks/OSServices.framework/Versions/A/OSServices
0x000000000c70c000 	/System/Library/Frameworks/CoreServices.framework/Versions/A/Frameworks/SearchKit.framework/Versions/A/SearchKit
0x000000000c70c000 	/System/Library/Frameworks/CoreServices.framework/Versions/A/Frameworks/AE.framework/Versions/A/AE
0x000000000c70c000 	/System/Library/Frameworks/CoreServices.framework/Versions/A/Frameworks/LaunchServices.framework/Versions/A/LaunchServices
0x000000000c70c000 	/System/Library/Frameworks/CoreServices.framework/Versions/A/Frameworks/DictionaryServices.framework/Versions/A/DictionaryServices
0x000000000c70c000 	/System/Library/Frameworks/CoreServices.framework/Versions/A/Frameworks/SharedFileList.framework/Versions/A/SharedFileList
0x000000000c70c000 	/usr/lib/libCheckFix.dylib
0x000000000c70c000 	/System/Library/PrivateFrameworks/TCC.framework/Versions/A/TCC
0x000000000c70c000 	/System/Library/PrivateFrameworks/CoreNLP.framework/Versions/A/CoreNLP
0x000000000c70c000 	/System/Library/PrivateFrameworks/MetadataUtilities.framework/Versions/A/MetadataUtilities
0x000000000c70c000 	/usr/lib/libmecabra.dylib
0x000000000c70c000 	/usr/lib/libmecab.dylib
0x000000000c70c000 	/usr/lib/libCRFSuite.dylib
0x000000000c70c000 	/usr/lib/libgermantok.dylib
0x000000000c70c000 	/usr/lib/libThaiTokenizer.dylib
0x000000000c70c000 	/System/Library/Frameworks/Accelerate.framework/Versions/A/Frameworks/vImage.framework/Versions/A/vImage
0x000000000c70c000 	/System/Library/Frameworks/Accelerate.framework/Versions/A/Frameworks/vecLib.framework/Versions/A/vecLib
0x000000000c70c000 	/System/Library/Frameworks/Accelerate.framework/Versions/A/Frameworks/vecLib.framework/Versions/A/libvMisc.dylib
0x000000000c70c000 	/System/Library/Frameworks/Accelerate.framework/Versions/A/Frameworks/vecLib.framework/Versions/A/libvDSP.dylib
0x000000000c70c000 	/System/Library/Frameworks/Accelerate.framework/Versions/A/Frameworks/vecLib.framework/Versions/A/libBLAS.dylib
0x000000000c70c000 	/System/Library/Frameworks/Accelerate.framework/Versions/A/Frameworks/vecLib.framework/Versions/A/libLAPACK.dylib
0x000000000c70c000 	/System/Library/Frameworks/Accelerate.framework/Versions/A/Frameworks/vecLib.framework/Versions/A/libLinearAlgebra.dylib
0x000000000c70c000 	/System/Library/Frameworks/Accelerate.framework/Versions/A/Frameworks/vecLib.framework/Versions/A/libSparseBLAS.dylib
0x000000000c70c000 	/System/Library/Frameworks/Accelerate.framework/Versions/A/Frameworks/vecLib.framework/Versions/A/libQuadrature.dylib
0x000000000c70c000 	/System/Library/Frameworks/Accelerate.framework/Versions/A/Frameworks/vecLib.framework/Versions/A/libBNNS.dylib
0x000000000c70c000 	/System/Library/Frameworks/Accelerate.framework/Versions/A/Frameworks/vecLib.framework/Versions/A/libSparse.dylib
0x000000000c70c000 	/System/Library/PrivateFrameworks/LinguisticData.framework/Versions/A/LinguisticData
0x000000000c70c000 	/System/Library/PrivateFrameworks/Lexicon.framework/Versions/A/Lexicon
0x000000000c70c000 	/usr/lib/libChineseTokenizer.dylib
0x000000000c70c000 	/System/Library/PrivateFrameworks/LanguageModeling.framework/Versions/A/LanguageModeling
0x000000000c70c000 	/System/Library/PrivateFrameworks/AppleSauce.framework/Versions/A/AppleSauce
0x000000000c70c000 	/System/Library/PrivateFrameworks/CoreEmoji.framework/Versions/A/CoreEmoji
0x000000000c70c000 	/usr/lib/libcmph.dylib
0x000000000c70c000 	/System/Library/Frameworks/OpenDirectory.framework/Versions/A/Frameworks/CFOpenDirectory.framework/Versions/A/CFOpenDirectory
0x000000000c70c000 	/System/Library/Frameworks/OpenDirectory.framework/Versions/A/OpenDirectory
0x000000000c70c000 	/System/Library/PrivateFrameworks/APFS.framework/Versions/A/APFS
0x000000000c70c000 	/System/Library/Frameworks/SecurityFoundation.framework/Versions/A/SecurityFoundation
0x000000000c70c000 	/usr/lib/libutil.dylib
0x000000000c70c000 	/System/Library/PrivateFrameworks/CoreServicesStore.framework/Versions/A/CoreServicesStore
0x000000000c70c000 	/usr/lib/libxslt.1.dylib
0x000000000c70c000 	/System/Library/PrivateFrameworks/BackgroundTaskManagement.framework/Versions/A/BackgroundTaskManagement
0x000000000c70c000 	/System/Library/Frameworks/ImageIO.framework/Versions/A/Resources/libRadiance.dylib
0x000000000c70c000 	/System/Library/Frameworks/ImageIO.framework/Versions/A/Resources/libJPEG.dylib
0x000000000c70c000 	/System/Library/Frameworks/ImageIO.framework/Versions/A/Resources/libPng.dylib
0x000000000c70c000 	/System/Library/Frameworks/ImageIO.framework/Versions/A/Resources/libTIFF.dylib
0x000000000c70c000 	/System/Library/Frameworks/ImageIO.framework/Versions/A/Resources/libGIF.dylib
0x000000000c70c000 	/System/Library/Frameworks/ImageIO.framework/Versions/A/Resources/libJP2.dylib
0x000000000c70c000 	/usr/lib/libexpat.1.dylib
0x000000000c70c000 	/System/Library/PrivateFrameworks/AppleJPEG.framework/Versions/A/AppleJPEG
0x000000000c70c000 	/System/Library/PrivateFrameworks/FontServices.framework/libFontParser.dylib
0x000000000c70c000 	/System/Library/PrivateFrameworks/RunningBoardServices.framework/Versions/A/RunningBoardServices
0x000000000c70c000 	/System/Library/PrivateFrameworks/IOSurfaceAccelerator.framework/Versions/A/IOSurfaceAccelerator
0x000000000c70c000 	/System/Library/PrivateFrameworks/WatchdogClient.framework/Versions/A/WatchdogClient
0x000000000c70c000 	/System/Library/Frameworks/CoreDisplay.framework/Versions/A/CoreDisplay
0x000000000c70c000 	/System/Library/Frameworks/CoreMedia.framework/Versions/A/CoreMedia
0x000000000c70c000 	/System/Library/PrivateFrameworks/IOAccelerator.framework/Versions/A/IOAccelerator
0x000000000c70c000 	/System/Library/Frameworks/CoreVideo.framework/Versions/A/CoreVideo
0x000000000c70c000 	/System/Library/Frameworks/MetalPerformanceShaders.framework/Versions/A/MetalPerformanceShaders
0x000000000c70c000 	/System/Library/Frameworks/VideoToolbox.framework/Versions/A/VideoToolbox
0x000000000c70c000 	/System/Library/PrivateFrameworks/BaseBoard.framework/Versions/A/BaseBoard
0x000000000c70c000 	/System/Library/PrivateFrameworks/ProtocolBuffer.framework/Versions/A/ProtocolBuffer
0x000000000c70c000 	/System/Library/PrivateFrameworks/GPUWrangler.framework/Versions/A/GPUWrangler
0x000000000c70c000 	/System/Library/PrivateFrameworks/IOPresentment.framework/Versions/A/IOPresentment
0x000000000c70c000 	/System/Library/PrivateFrameworks/DSExternalDisplay.framework/Versions/A/DSExternalDisplay
0x000000000c70c000 	/System/Library/Frameworks/OpenGL.framework/Versions/A/Libraries/libCoreFSCache.dylib
0x000000000c70c000 	/System/Library/PrivateFrameworks/GPUCompiler.framework/Versions/31001/Libraries/libGPUCompilerUtils.dylib
0x000000000c70c000 	/System/Library/PrivateFrameworks/CMCaptureCore.framework/Versions/A/CMCaptureCore
0x000000000c70c000 	/System/Library/PrivateFrameworks/AppServerSupport.framework/Versions/A/AppServerSupport
0x000000000c70c000 	/System/Library/PrivateFrameworks/perfdata.framework/Versions/A/perfdata
0x000000000c70c000 	/System/Library/PrivateFrameworks/AudioToolboxCore.framework/Versions/A/AudioToolboxCore
0x000000000c70c000 	/System/Library/PrivateFrameworks/caulk.framework/Versions/A/caulk
0x000000000c70c000 	/usr/lib/libAudioStatistics.dylib
0x000000000c70c000 	/System/Library/PrivateFrameworks/SystemPolicy.framework/Versions/A/SystemPolicy
0x000000000c70c000 	/usr/lib/libSMC.dylib
0x000000000c70c000 	/System/Library/Frameworks/CoreMIDI.framework/Versions/A/CoreMIDI
0x000000000c70c000 	/usr/lib/libAudioToolboxUtility.dylib
0x000000000c70c000 	/System/Library/PrivateFrameworks/OSAServicesClient.framework/Versions/A/OSAServicesClient
0x000000000c70c000 	/usr/lib/libperfcheck.dylib
0x000000000c70c000 	/usr/lib/libmis.dylib
0x000000000c70c000 	/System/Library/Frameworks/OpenGL.framework/Versions/A/Libraries/libGLU.dylib
0x000000000c70c000 	/System/Library/Frameworks/OpenGL.framework/Versions/A/Libraries/libGFXShared.dylib
0x000000000c70c000 	/System/Library/Frameworks/OpenGL.framework/Versions/A/Libraries/libGL.dylib
0x000000000c70c000 	/System/Library/Frameworks/OpenGL.framework/Versions/A/Libraries/libGLImage.dylib
0x000000000c70c000 	/System/Library/Frameworks/OpenGL.framework/Versions/A/Libraries/libCVMSPluginSupport.dylib
0x000000000c70c000 	/System/Library/Frameworks/OpenGL.framework/Versions/A/Libraries/libCoreVMClient.dylib
0x000000000c70c000 	/System/Library/Frameworks/MetalPerformanceShaders.framework/Versions/A/Frameworks/MPSCore.framework/Versions/A/MPSCore
0x000000000c70c000 	/System/Library/Frameworks/MetalPerformanceShaders.framework/Versions/A/Frameworks/MPSImage.framework/Versions/A/MPSImage
0x000000000c70c000 	/System/Library/Frameworks/MetalPerformanceShaders.framework/Versions/A/Frameworks/MPSNeuralNetwork.framework/Versions/A/MPSNeuralNetwork
0x000000000c70c000 	/System/Library/Frameworks/MetalPerformanceShaders.framework/Versions/A/Frameworks/MPSMatrix.framework/Versions/A/MPSMatrix
0x000000000c70c000 	/System/Library/Frameworks/MetalPerformanceShaders.framework/Versions/A/Frameworks/MPSRayIntersector.framework/Versions/A/MPSRayIntersector
0x000000000c70c000 	/System/Library/Frameworks/MetalPerformanceShaders.framework/Versions/A/Frameworks/MPSNDArray.framework/Versions/A/MPSNDArray
0x000000000c70c000 	/System/Library/Frameworks/MetalPerformanceShaders.framework/Versions/A/Frameworks/MPSFunctions.framework/Versions/A/MPSFunctions
0x000000000c70c000 	/System/Library/PrivateFrameworks/MetalTools.framework/Versions/A/MetalTools
0x000000000c70c000 	/System/Library/PrivateFrameworks/AggregateDictionary.framework/Versions/A/AggregateDictionary
0x000000000c70c000 	/usr/lib/libIOReport.dylib
0x000000000c70c000 	/System/Library/Frameworks/OpenCL.framework/Versions/A/OpenCL
0x000000000c70c000 	/System/Library/PrivateFrameworks/FaceCore.framework/Versions/A/FaceCore
0x000000000c70c000 	/System/Library/PrivateFrameworks/GraphVisualizer.framework/Versions/A/GraphVisualizer
0x000000000c70c000 	/System/Library/PrivateFrameworks/FontServices.framework/Versions/A/FontServices
0x000000000c70c000 	/System/Library/PrivateFrameworks/OTSVG.framework/Versions/A/OTSVG
0x000000000c70c000 	/System/Library/Frameworks/ApplicationServices.framework/Versions/A/Frameworks/ATS.framework/Versions/A/Resources/libFontRegistry.dylib
0x000000000c70c000 	/System/Library/PrivateFrameworks/FontServices.framework/libhvf.dylib
0x000000000c70c000 	/System/Library/PrivateFrameworks/FontServices.framework/libXTFontStaticRegistryData.dylib
0x000000000c70c000 	/System/Library/PrivateFrameworks/AppleVA.framework/Versions/A/AppleVA
0x000000000c70c000 	/System/Library/Frameworks/ApplicationServices.framework/Versions/A/Frameworks/ATS.framework/Versions/A/ATS
0x000000000c70c000 	/System/Library/Frameworks/ApplicationServices.framework/Versions/A/Frameworks/HIServices.framework/Versions/A/HIServices
0x000000000c70c000 	/System/Library/Frameworks/ApplicationServices.framework/Versions/A/Frameworks/PrintCore.framework/Versions/A/PrintCore
0x000000000c70c000 	/System/Library/Frameworks/ApplicationServices.framework/Versions/A/Frameworks/QD.framework/Versions/A/QD
0x000000000c70c000 	/System/Library/Frameworks/ApplicationServices.framework/Versions/A/Frameworks/ColorSyncLegacy.framework/Versions/A/ColorSyncLegacy
0x000000000c70c000 	/System/Library/Frameworks/ApplicationServices.framework/Versions/A/Frameworks/SpeechSynthesis.framework/Versions/A/SpeechSynthesis
0x000000000c70c000 	/System/Library/Frameworks/ApplicationServices.framework/Versions/A/Frameworks/ATSUI.framework/Versions/A/ATSUI
0x000000000c70c000 	/usr/lib/libcups.2.dylib
0x000000000c70c000 	/System/Library/Frameworks/Kerberos.framework/Versions/A/Kerberos
0x000000000c70c000 	/System/Library/Frameworks/GSS.framework/Versions/A/GSS
0x000000000c70c000 	/usr/lib/libresolv.9.dylib
0x000000000c70c000 	/System/Library/PrivateFrameworks/Heimdal.framework/Versions/A/Heimdal
0x000000000c70c000 	/System/Library/Frameworks/Kerberos.framework/Versions/A/Libraries/libHeimdalProxy.dylib
0x000000000c70c000 	/System/Library/Frameworks/Network.framework/Versions/A/Network
0x000000000c70c000 	/usr/lib/libheimdal-asn1.dylib
0x000000000c70c000 	/System/Library/PrivateFrameworks/CommonAuth.framework/Versions/A/CommonAuth
0x000000000c70c000 	/System/Library/PrivateFrameworks/AudioSession.framework/Versions/A/AudioSession
0x000000000c70c000 	/System/Library/PrivateFrameworks/MediaExperience.framework/Versions/A/MediaExperience
0x000000000c70c000 	/System/Library/PrivateFrameworks/AudioSession.framework/libSessionUtility.dylib
0x000000000c70c000 	/System/Library/PrivateFrameworks/AudioResourceArbitration.framework/Versions/A/AudioResourceArbitration
0x000000000c70c000 	/System/Library/PrivateFrameworks/PowerLog.framework/Versions/A/PowerLog
0x000000000c70c000 	/System/Library/PrivateFrameworks/IconFoundation.framework/Versions/A/IconFoundation
0x000000000c70c000 	/System/Library/PrivateFrameworks/SpeechRecognitionCore.framework/Versions/A/SpeechRecognitionCore
0x000000010bac5000 	/Library/Java/JavaVirtualMachines/jdk1.8.0_111.jdk/Contents/Home/jre/lib/server/libjvm.dylib
0x000000000c70c000 	/usr/lib/libstdc++.6.dylib
0x000000010ab67000 	/Library/Java/JavaVirtualMachines/jdk1.8.0_111.jdk/Contents/Home/jre/lib/libverify.dylib
0x000000010abaa000 	/Library/Java/JavaVirtualMachines/jdk1.8.0_111.jdk/Contents/Home/jre/lib/libjava.dylib
0x000000010ab7e000 	/Library/Java/JavaVirtualMachines/jdk1.8.0_111.jdk/Contents/Home/jre/lib/libzip.dylib
0x000000000c70c000 	/System/Library/Frameworks/JavaRuntimeSupport.framework/Versions/A/JavaRuntimeSupport
0x000000000c70c000 	/System/Library/Frameworks/Carbon.framework/Versions/A/Carbon
0x000000000c70c000 	/System/Library/PrivateFrameworks/CoreSymbolication.framework/Versions/A/CoreSymbolication
0x000000000c70c000 	/System/Library/Frameworks/Carbon.framework/Versions/A/Frameworks/CommonPanels.framework/Versions/A/CommonPanels
0x000000000c70c000 	/System/Library/Frameworks/Carbon.framework/Versions/A/Frameworks/Help.framework/Versions/A/Help
0x000000000c70c000 	/System/Library/Frameworks/Carbon.framework/Versions/A/Frameworks/ImageCapture.framework/Versions/A/ImageCapture
0x000000000c70c000 	/System/Library/Frameworks/Carbon.framework/Versions/A/Frameworks/OpenScripting.framework/Versions/A/OpenScripting
0x000000000c70c000 	/System/Library/Frameworks/Carbon.framework/Versions/A/Frameworks/Ink.framework/Versions/A/Ink
0x000000000c70c000 	/System/Library/Frameworks/Carbon.framework/Versions/A/Frameworks/Print.framework/Versions/A/Print
0x000000000c70c000 	/System/Library/Frameworks/Carbon.framework/Versions/A/Frameworks/SecurityHI.framework/Versions/A/SecurityHI
0x000000000c70c000 	/System/Library/PrivateFrameworks/DebugSymbols.framework/Versions/A/DebugSymbols
0x0000000113204000 	/Library/Java/JavaVirtualMachines/jdk1.8.0_111.jdk/Contents/Home/jre/lib/libprism_es2.dylib
0x000000000c70c000 	/System/Library/PrivateFrameworks/CoreServicesInternal.framework/Versions/A/CoreServicesInternal
0x000000000c70c000 	/System/Library/Frameworks/OpenGL.framework/Versions/A/Resources/GLEngine.bundle/GLEngine
0x000000000c70c000 	/System/Library/Frameworks/OpenGL.framework/Versions/A/Libraries/libGLProgrammability.dylib
0x000000000c70c000 	/System/Library/Extensions/AppleIntelBDWGraphicsGLDriver.bundle/Contents/MacOS/AppleIntelBDWGraphicsGLDriver
0x000000000c70c000 	/System/Library/PrivateFrameworks/GPUSupport.framework/Versions/A/Libraries/libGPUSupportMercury.dylib
0x000000000c70c000 	/System/Library/Frameworks/OpenGL.framework/Versions/A/Resources/GLRendererFloat.bundle/GLRendererFloat
0x0000000113da0000 	/Library/Java/JavaVirtualMachines/jdk1.8.0_111.jdk/Contents/Home/jre/lib/libglass.dylib
0x000000000c70c000 	/System/Library/Frameworks/FileProvider.framework/Versions/A/FileProvider
0x000000000c70c000 	/System/Library/Frameworks/Accounts.framework/Versions/A/Accounts
0x000000000c70c000 	/System/Library/PrivateFrameworks/GenerationalStorage.framework/Versions/A/GenerationalStorage
0x000000000c70c000 	/System/Library/PrivateFrameworks/SymptomDiagnosticReporter.framework/Versions/A/SymptomDiagnosticReporter
0x000000000c70c000 	/System/Library/PrivateFrameworks/DesktopServicesPriv.framework/Versions/A/DesktopServicesPriv
0x000000000c70c000 	/usr/lib/libsandbox.1.dylib
0x000000000c70c000 	/System/Library/PrivateFrameworks/UserManagement.framework/Versions/A/UserManagement
0x000000000c70c000 	/System/Library/PrivateFrameworks/NetAuth.framework/Versions/A/NetAuth
0x000000000c70c000 	/System/Library/PrivateFrameworks/Sharing.framework/Versions/A/Sharing
0x000000000c70c000 	/System/Library/PrivateFrameworks/login.framework/Versions/A/Frameworks/loginsupport.framework/Versions/A/loginsupport
0x000000000c70c000 	/System/Library/PrivateFrameworks/Apple80211.framework/Versions/A/Apple80211
0x000000000c70c000 	/System/Library/PrivateFrameworks/AuthKit.framework/Versions/A/AuthKit
0x000000000c70c000 	/System/Library/PrivateFrameworks/CoreUtils.framework/Versions/A/CoreUtils
0x000000000c70c000 	/System/Library/Frameworks/CoreWLAN.framework/Versions/A/CoreWLAN
0x000000000c70c000 	/System/Library/Frameworks/IOBluetooth.framework/Versions/A/IOBluetooth
0x000000000c70c000 	/System/Library/PrivateFrameworks/CoreWiFi.framework/Versions/A/CoreWiFi
0x000000000c70c000 	/System/Library/PrivateFrameworks/FrontBoardServices.framework/Versions/A/FrontBoardServices
0x000000000c70c000 	/System/Library/PrivateFrameworks/BoardServices.framework/Versions/A/BoardServices
0x000000000c70c000 	/System/Library/PrivateFrameworks/AssertionServices.framework/Versions/A/AssertionServices
0x000000000c70c000 	/System/Library/PrivateFrameworks/BackBoardServices.framework/Versions/A/BackBoardServices
0x000000000c70c000 	/System/Library/PrivateFrameworks/CorePhoneNumbers.framework/Versions/A/CorePhoneNumbers
0x000000000c70c000 	/System/Library/PrivateFrameworks/DiskManagement.framework/Versions/A/DiskManagement
0x000000000c70c000 	/System/Library/PrivateFrameworks/AppleIDAuthSupport.framework/Versions/A/AppleIDAuthSupport
0x000000000c70c000 	/System/Library/PrivateFrameworks/AAAFoundation.framework/Versions/A/AAAFoundation
0x000000000c70c000 	/System/Library/PrivateFrameworks/KeychainCircle.framework/Versions/A/KeychainCircle
0x000000000c70c000 	/System/Library/PrivateFrameworks/MediaKit.framework/Versions/A/MediaKit
0x000000000c70c000 	/System/Library/Frameworks/DiscRecording.framework/Versions/A/DiscRecording
0x000000000c70c000 	/usr/lib/libCoreStorage.dylib
0x000000000c70c000 	/usr/lib/libcsfde.dylib
0x000000000c70c000 	/System/Library/PrivateFrameworks/ProtectedCloudStorage.framework/Versions/A/ProtectedCloudStorage
0x000000000c70c000 	/System/Library/PrivateFrameworks/EFILogin.framework/Versions/A/EFILogin
0x000000000c70c000 	/System/Library/PrivateFrameworks/OctagonTrust.framework/Versions/A/OctagonTrust
0x000000000c70c000 	/System/Library/PrivateFrameworks/CoreUtilsExtras.framework/Versions/A/CoreUtilsExtras
0x000000000c70c000 	/System/Library/Frameworks/CoreBluetooth.framework/Versions/A/CoreBluetooth
0x000000000c70c000 	/System/Library/Frameworks/AudioUnit.framework/Versions/A/AudioUnit
0x000000000c70c000 	/usr/lib/libMatch.1.dylib
0x000000000c70c000 	/System/Library/Frameworks/Accelerate.framework/Versions/A/Frameworks/vImage.framework/Versions/A/Libraries/libCGInterfaces.dylib
0x0000000115183000 	/usr/lib/libobjc-trampolines.dylib
0x000000000c70c000 	/System/Library/PrivateFrameworks/FamilyControls.framework/Versions/A/FamilyControls
0x000000000c70c000 	/System/Library/PrivateFrameworks/CommerceKit.framework/Versions/A/Frameworks/CommerceCore.framework/Versions/A/CommerceCore
0x000000000c70c000 	/System/Library/PrivateFrameworks/SystemAdministration.framework/Versions/A/SystemAdministration
0x000000000c70c000 	/System/Library/PrivateFrameworks/AppContainer.framework/Versions/A/AppContainer
0x000000000c70c000 	/System/Library/PrivateFrameworks/SecCodeWrapper.framework/Versions/A/SecCodeWrapper
0x000000000c70c000 	/System/Library/PrivateFrameworks/CrashReporterSupport.framework/Versions/A/CrashReporterSupport
0x000000000c70c000 	/System/Library/PrivateFrameworks/OSAnalytics.framework/Versions/A/OSAnalytics
0x000000000c70c000 	/System/Library/PrivateFrameworks/Symbolication.framework/Versions/A/Symbolication
0x000000000c70c000 	/System/Library/PrivateFrameworks/MallocStackLogging.framework/Versions/A/MallocStackLogging
0x000000000c70c000 	/System/Library/PrivateFrameworks/login.framework/Versions/A/login
0x000000000c70c000 	/System/Library/Frameworks/MediaToolbox.framework/Versions/A/MediaToolbox
0x000000000c70c000 	/System/Library/Frameworks/DirectoryService.framework/Versions/A/DirectoryService
0x000000000c70c000 	/System/Library/PrivateFrameworks/DiskImages.framework/Versions/A/DiskImages
0x000000000c70c000 	/System/Library/Frameworks/ServiceManagement.framework/Versions/A/ServiceManagement
0x000000000c70c000 	/System/Library/PrivateFrameworks/LoginUIKit.framework/Versions/A/Frameworks/LoginUICore.framework/Versions/A/LoginUICore
0x000000000c70c000 	/usr/lib/libodfde.dylib
0x000000000c70c000 	/System/Library/PrivateFrameworks/CoreAVCHD.framework/Versions/A/CoreAVCHD
0x000000000c70c000 	/System/Library/Frameworks/MediaAccessibility.framework/Versions/A/MediaAccessibility
0x000000000c70c000 	/System/Library/PrivateFrameworks/Mangrove.framework/Versions/A/Mangrove
0x000000000c70c000 	/System/Library/PrivateFrameworks/AlgosScoreFramework.framework/Versions/A/AlgosScoreFramework
0x000000000c70c000 	/System/Library/PrivateFrameworks/CMPhoto.framework/Versions/A/CMPhoto
0x000000000c70c000 	/System/Library/PrivateFrameworks/AppleVPA.framework/Versions/A/AppleVPA
0x000000000c70c000 	/System/Library/PrivateFrameworks/CoreAUC.framework/Versions/A/CoreAUC
0x000000000c70c000 	/usr/lib/libcurl.4.dylib
0x000000000c70c000 	/usr/lib/libcrypto.44.dylib
0x000000000c70c000 	/usr/lib/libssl.46.dylib
0x000000000c70c000 	/System/Library/Frameworks/LDAP.framework/Versions/A/LDAP
0x000000000c70c000 	/System/Library/PrivateFrameworks/TrustEvaluationAgent.framework/Versions/A/TrustEvaluationAgent
0x000000000c70c000 	/usr/lib/libsasl2.2.dylib
0x000000000c70c000 	/System/Library/PrivateFrameworks/CoreDaemon.framework/Versions/B/CoreDaemon
0x000000000c70c000 	/System/Library/PrivateFrameworks/AppleSRP.framework/Versions/A/AppleSRP
0x000000000c70c000 	/System/Library/PrivateFrameworks/ViewBridge.framework/Versions/A/ViewBridge
0x0000000116982000 	/Library/Java/JavaVirtualMachines/jdk1.8.0_111.jdk/Contents/Home/jre/lib/libjavafx_font.dylib
0x00000001169a3000 	/Library/Java/JavaVirtualMachines/jdk1.8.0_111.jdk/Contents/Home/jre/lib/libnet.dylib
0x0000000127c25000 	/Library/Java/JavaVirtualMachines/jdk1.8.0_111.jdk/Contents/Home/jre/lib/libprism_common.dylib
0x000000000c70c000 	/usr/lib/libRosetta.dylib
0x0000000128c39000 	/Library/Java/JavaVirtualMachines/jdk1.8.0_111.jdk/Contents/Home/jre/lib/libawt.dylib
0x00000001298ce000 	/Library/Java/JavaVirtualMachines/jdk1.8.0_111.jdk/Contents/Home/jre/lib/libmlib_image.dylib
0x000000000c70c000 	/System/Library/Frameworks/JavaNativeFoundation.framework/Versions/A/JavaNativeFoundation
0x000000012999a000 	/Library/Java/JavaVirtualMachines/jdk1.8.0_111.jdk/Contents/Home/jre/lib/libawt_lwawt.dylib
0x0000000128bce000 	/Library/Java/JavaVirtualMachines/jdk1.8.0_111.jdk/Contents/Home/jre/lib/libosxapp.dylib
0x000000000c70c000 	/System/Library/Frameworks/ExceptionHandling.framework/Versions/A/ExceptionHandling
0x0000000128bea000 	/Library/Java/JavaVirtualMachines/jdk1.8.0_111.jdk/Contents/Home/jre/lib/libnio.dylib
0x0000000128d48000 	/Library/Java/JavaVirtualMachines/jdk1.8.0_111.jdk/Contents/Home/jre/lib/libfontmanager.dylib
0x000000000c70c000 	/System/Library/PrivateFrameworks/PrintingPrivate.framework/Versions/A/PrintingPrivate
0x000000000c70c000 	/System/Library/Frameworks/SecurityInterface.framework/Versions/A/SecurityInterface
0x000000012a85c000 	/System/Library/PrivateFrameworks/PrintingPrivate.framework/Versions/A/Plugins/PrintCocoaUI.bundle/Contents/MacOS/PrintCocoaUI
0x000000000c70c000 	/System/Library/Frameworks/ScriptingBridge.framework/Versions/A/ScriptingBridge
0x000000000c70c000 	/System/Library/PrivateFrameworks/AccessibilitySharedSupport.framework/Versions/A/AccessibilitySharedSupport
0x000000000c70c000 	/usr/lib/libAccessibility.dylib
0x000000000c70c000 	/System/Library/PrivateFrameworks/AXCoreUtilities.framework/Versions/A/AXCoreUtilities
0x000000000c70c000 	/System/Library/PrivateFrameworks/ApplePushService.framework/Versions/A/ApplePushService
0x000000000c70c000 	/System/Library/Frameworks/CloudKit.framework/Versions/A/CloudKit
0x000000000c70c000 	/System/Library/PrivateFrameworks/IDS.framework/Versions/A/IDS
0x000000000c70c000 	/System/Library/PrivateFrameworks/CommonUtilities.framework/Versions/A/CommonUtilities
0x000000000c70c000 	/System/Library/PrivateFrameworks/Bom.framework/Versions/A/Bom
0x000000000c70c000 	/System/Library/PrivateFrameworks/C2.framework/Versions/A/C2
0x000000000c70c000 	/System/Library/Frameworks/CoreLocation.framework/Versions/A/CoreLocation
0x000000000c70c000 	/System/Library/Frameworks/PushKit.framework/Versions/A/PushKit
0x000000000c70c000 	/System/Library/PrivateFrameworks/CoreTime.framework/Versions/A/CoreTime
0x000000000c70c000 	/System/Library/PrivateFrameworks/RTCReporting.framework/Versions/A/RTCReporting
0x000000000c70c000 	/System/Library/PrivateFrameworks/GeoServices.framework/Versions/A/GeoServices
0x000000000c70c000 	/System/Library/PrivateFrameworks/LocationSupport.framework/Versions/A/LocationSupport
0x000000000c70c000 	/System/Library/PrivateFrameworks/GeoServicesCore.framework/Versions/A/GeoServicesCore
0x000000000c70c000 	/System/Library/PrivateFrameworks/PhoneNumbers.framework/Versions/A/PhoneNumbers
0x000000000c70c000 	/System/Library/PrivateFrameworks/RemoteServiceDiscovery.framework/Versions/A/RemoteServiceDiscovery
0x000000000c70c000 	/System/Library/PrivateFrameworks/IMFoundation.framework/Versions/A/IMFoundation
0x000000000c70c000 	/System/Library/PrivateFrameworks/Marco.framework/Versions/A/Marco
0x000000000c70c000 	/System/Library/PrivateFrameworks/IDSFoundation.framework/Versions/A/IDSFoundation
0x000000000c70c000 	/System/Library/PrivateFrameworks/FTServices.framework/Versions/A/FTServices
0x000000000c70c000 	/System/Library/PrivateFrameworks/Engram.framework/Versions/A/Engram
0x000000000c70c000 	/usr/lib/libtidy.A.dylib
0x000000000c70c000 	/System/Library/PrivateFrameworks/FTAWD.framework/Versions/A/FTAWD
0x000000012a78f000 	/System/Library/PrivateFrameworks/PrintingPrivate.framework/Versions/A/Plugins/PrintingCocoaPDEs.bundle/Contents/MacOS/PrintingCocoaPDEs
0x000000000c70c000 	/System/Library/Extensions/AppleIntelBDWGraphicsMTLDriver.bundle/Contents/MacOS/AppleIntelBDWGraphicsMTLDriver
0x000000000c70c000 	/System/Library/PrivateFrameworks/GPURawCounter.framework/Versions/A/GPURawCounter
0x000000000c70c000 	/System/Library/PrivateFrameworks/SafariPlatformSupport.framework/Versions/A/SafariPlatformSupport
0x000000000c70c000 	/System/Library/PrivateFrameworks/SafariCore.framework/Versions/A/SafariCore
0x000000000c70c000 	/System/Library/PrivateFrameworks/SafariFoundation.framework/Versions/A/SafariFoundation
0x000000000c70c000 	/usr/lib/libxcselect.dylib
0x000000000c70c000 	/System/Library/PrivateFrameworks/WirelessDiagnostics.framework/Versions/A/WirelessDiagnostics
0x000000000c70c000 	/System/Library/PrivateFrameworks/DifferentialPrivacy.framework/Versions/A/DifferentialPrivacy
0x000000000c70c000 	/System/Library/PrivateFrameworks/WirelessDiagnostics.framework/Versions/A/Libraries/libAWDSupportFramework.dylib
0x000000000c70c000 	/System/Library/PrivateFrameworks/WirelessDiagnostics.framework/Versions/A/Libraries/libAWDSupport.dylib
0x000000000c70c000 	/System/Library/PrivateFrameworks/WirelessDiagnostics.framework/Versions/A/Libraries/libprotobuf-lite.dylib
0x000000000c70c000 	/usr/lib/libTelephonyUtilDynamic.dylib
0x000000000c70c000 	/System/Library/PrivateFrameworks/WirelessDiagnostics.framework/Versions/A/Libraries/libprotobuf.dylib
0x000000000c70c000 	/System/Library/PrivateFrameworks/PlugInKit.framework/Versions/A/PlugInKit
0x000000000c70c000 	/System/Library/PrivateFrameworks/SharedWebCredentials.framework/Versions/A/SharedWebCredentials
0x0000000162055000 	/Library/Java/JavaVirtualMachines/jdk1.8.0_111.jdk/Contents/Home/jre/lib/libdcpr.dylib

VM Arguments:
jvm_args: -Dfile.encoding=UTF-8 
java_command: edu.tedtapplication.gui2.Firstwindow
java_class_path (initial): /Applications/NetBeans/NetBeans 8.2.app/Contents/Resources/NetBeans/ide/modules/ext/mysql-connector-java-5.1.23-bin.jar:/Users/islemferchichi/Desktop/jar/activation.jar:/Users/islemferchichi/Desktop/jar/controlsfx-8.40.15.jar:/Users/islemferchichi/Desktop/jar/fxsampler-1.0.10.jar:/Users/islemferchichi/Desktop/jar/gson-2.2.2.jar:/Users/islemferchichi/Desktop/jar/gson-2.6.2-javadoc.jar:/Users/islemferchichi/Desktop/jar/gson-2.8.2-javadoc.jar:/Users/islemferchichi/Desktop/jar/gson-2.8.2.jar:/Users/islemferchichi/Desktop/jar/itext-1.3.1.jar:/Users/islemferchichi/Desktop/jar/itextpdf-5.5.9.jar:/Users/islemferchichi/Desktop/jar/java-json.jar:/Users/islemferchichi/Desktop/jar/javase-2.2.jar:/Users/islemferchichi/Desktop/jar/javax.mail.jar:/Users/islemferchichi/Desktop/jar/jfoenix-8.0.2.jar:/Users/islemferchichi/Desktop/jar/jfoenix.jar:/Users/islemferchichi/Desktop/jar/jxmaps-1.3.2.jar:/Users/islemferchichi/Desktop/jar/owm-japis-2.5.0.3.jar:/Users/islemferchichi/Desktop/jar/stripe-java-20.47.1.jar:/Users/islemferchichi/Desktop/jar/zxing-1.7-javase.jar:/Users/islemferchichi/Desktop/jar/zxing-core-2.0.jar:/Users/islemferchichi/Desktop/liv/build/classes
Launcher Type: SUN_STANDARD

Environment Variables:
PATH=/usr/bin:/bin:/usr/sbin:/sbin
LD_LIBRARY_PATH=/Library/Java/JavaVirtualMachines/jdk1.8.0_111.jdk/Contents/Home/jre/lib/amd64:/Library/Java/JavaVirtualMachines/jdk1.8.0_111.jdk/Contents/Home/jre/lib/i386:
SHELL=/bin/zsh

Signal Handlers:
SIGSEGV: [libjvm.dylib+0x5b03ed], sa_mask[0]=11111111011111110111111111111111, sa_flags=SA_ONSTACK|SA_RESTART|SA_SIGINFO
SIGBUS: [libjvm.dylib+0x5b03ed], sa_mask[0]=11111111011111110111111111111111, sa_flags=SA_RESTART|SA_SIGINFO
SIGFPE: [libjvm.dylib+0x48711c], sa_mask[0]=11111111011111110111111111111111, sa_flags=SA_RESTART|SA_SIGINFO
SIGPIPE: [libjvm.dylib+0x48711c], sa_mask[0]=11111111011111110111111111111111, sa_flags=SA_RESTART|SA_SIGINFO
SIGXFSZ: [libjvm.dylib+0x48711c], sa_mask[0]=11111111011111110111111111111111, sa_flags=SA_RESTART|SA_SIGINFO
SIGILL: [libjvm.dylib+0x48711c], sa_mask[0]=11111111011111110111111111111111, sa_flags=SA_RESTART|SA_SIGINFO
SIGUSR1: SIG_DFL, sa_mask[0]=00000000000000000000000000000000, sa_flags=none
SIGUSR2: [libjvm.dylib+0x486c3a], sa_mask[0]=00100000000000000000000000000000, sa_flags=SA_RESTART|SA_SIGINFO
SIGHUP: [libjvm.dylib+0x485211], sa_mask[0]=11111111011111110111111111111111, sa_flags=SA_RESTART|SA_SIGINFO
SIGINT: SIG_IGN, sa_mask[0]=00000000000000000000000000000000, sa_flags=none
SIGTERM: [libjvm.dylib+0x485211], sa_mask[0]=11111111011111110111111111111111, sa_flags=SA_RESTART|SA_SIGINFO
SIGQUIT: [libjvm.dylib+0x485211], sa_mask[0]=11111111011111110111111111111111, sa_flags=SA_RESTART|SA_SIGINFO


---------------  S Y S T E M  ---------------

OS:Bsduname:Darwin 21.3.0 Darwin Kernel Version 21.3.0: Wed Jan  5 21:37:58 PST 2022; root:xnu-8019.80.24~20/RELEASE_X86_64 x86_64
rlimit: STACK 8192k, CORE 0k, NPROC 1392, NOFILE 10240, AS infinity
load average:2.85 2.45 2.37

CPU:total 4 (2 cores per cpu, 2 threads per core) family 6 model 61 stepping 4, cmov, cx8, fxsr, mmx, sse, sse2, sse3, ssse3, sse4.1, sse4.2, popcnt, avx, avx2, aes, clmul, erms, 3dnowpref, lzcnt, ht, tsc, tscinvbit, bmi1, bmi2, adx

Memory: 4k page, physical 8388608k(195784k free)

/proc/meminfo:


vm_info: Java HotSpot(TM) 64-Bit Server VM (25.111-b14) for bsd-amd64 JRE (1.8.0_111-b14), built on Sep 22 2016 15:31:41 by "java_re" with gcc 4.2.1 (Based on Apple Inc. build 5658) (LLVM build 2336.11.00)

time: Wed Mar  2 18:06:21 2022
elapsed time: 29 seconds (0d 0h 0m 29s)

